<?xml version="1.0" encoding="UTF-8"?>
<!-- Generated by org.testng.reporters.JUnitReportReporter -->
<testsuite hostname="JV-LAP093" failures="0" tests="3" name="test_functional.Test_Salesforce" time="37.758" errors="0" timestamp="2023-08-03T09:51:28 NPT" skipped="0">
  <testcase classname="test_functional.Test_Salesforce" name="precondition" time="37.511"/>
  <system-out/>
  <testcase classname="test_functional.Test_Salesforce" name="testcase_01" time="0.125"/>
  <system-out/>
  <testcase classname="test_functional.Test_Salesforce" name="testcase_02" time="0.122"/>
  <system-out/>
</testsuite> <!-- test_functional.Test_Salesforce -->
