<?xml version="1.0" encoding="UTF-8"?>
<!-- Generated by org.testng.reporters.JUnitReportReporter -->
<testsuite hostname="JV-LAP093" failures="0" tests="5" name="test_functional.Test_Salesforce" time="57.506" errors="0" timestamp="2023-08-04T17:34:36 NPT" skipped="0">
  <testcase classname="test_functional.Test_Salesforce" name="precondition_salesforce" time="41.574"/>
  <system-out/>
  <testcase classname="test_functional.Test_Salesforce" name="US01_TC05" time="9.766"/>
  <system-out/>
  <testcase classname="test_functional.Test_Salesforce" name="US02_TC25" time="0.080"/>
  <system-out/>
  <testcase classname="test_functional.Test_Salesforce" name="precondition_sq" time="1.201"/>
  <system-out/>
  <testcase classname="test_functional.Test_Salesforce" name="US03_TC40" time="4.885"/>
  <system-out/>
</testsuite> <!-- test_functional.Test_Salesforce -->
